Started GET "/" for ::1 at 2024-07-11 16:51:24 -0400
Processing by Rails::WelcomeController#index as HTML
  Rendering /Users/aretter/.rbenv/versions/2.7.7/lib/ruby/gems/2.7.0/gems/railties-7.0.8.4/lib/rails/templates/rails/welcome/index.html.erb
  Rendered /Users/aretter/.rbenv/versions/2.7.7/lib/ruby/gems/2.7.0/gems/railties-7.0.8.4/lib/rails/templates/rails/welcome/index.html.erb (Duration: 4.6ms | Allocations: 773)
Completed 200 OK in 75ms (Views: 15.8ms | ActiveRecord: 0.0ms | Allocations: 9058)


Started GET "/athletes" for ::1 at 2024-07-11 16:56:26 -0400
Processing by AthletesController#index as HTML
  Rendering layout layouts/application.html.erb
  Rendering athletes/index.html.erb within layouts/application
  Rendered athletes/index.html.erb within layouts/application (Duration: 1.4ms | Allocations: 122)
  Rendered layout layouts/application.html.erb (Duration: 489.3ms | Allocations: 86759)
Completed 200 OK in 496ms (Views: 492.9ms | ActiveRecord: 0.0ms | Allocations: 87796)


Started GET "/athletes" for ::1 at 2024-07-11 16:58:57 -0400
Processing by AthletesController#index as HTML
  Rendering layout layouts/application.html.erb
  Rendering athletes/index.html.erb within layouts/application
  Rendered athletes/index.html.erb within layouts/application (Duration: 0.0ms | Allocations: 7)
  Rendered layout layouts/application.html.erb (Duration: 17.4ms | Allocations: 15372)
Completed 200 OK in 20ms (Views: 18.8ms | ActiveRecord: 0.0ms | Allocations: 15981)


Started GET "/" for ::1 at 2024-07-11 16:59:00 -0400
  
ActionController::RoutingError (uninitialized constant HomeController):
  
Started GET "/" for ::1 at 2024-07-11 16:59:00 -0400
  
ActionController::RoutingError (uninitialized constant HomeController):
  
Started GET "/" for ::1 at 2024-07-11 17:00:03 -0400
Processing by HomeController#index as HTML
  Rendering layout layouts/application.html.erb
  Rendering home/index.html.erb within layouts/application
  Rendered home/index.html.erb within layouts/application (Duration: 0.7ms | Allocations: 116)
  Rendered layout layouts/application.html.erb (Duration: 20.8ms | Allocations: 15796)
Completed 200 OK in 24ms (Views: 22.8ms | ActiveRecord: 0.0ms | Allocations: 16778)


Started GET "/" for ::1 at 2024-07-11 17:04:01 -0400
Processing by HomeController#index as HTML
  Rendering layout layouts/application.html.erb
  Rendering home/index.html.erb within layouts/application
  Rendered home/index.html.erb within layouts/application (Duration: 1.0ms | Allocations: 151)
  Rendered layout layouts/application.html.erb (Duration: 7.8ms | Allocations: 1934)
Completed 200 OK in 14ms (Views: 11.6ms | ActiveRecord: 0.0ms | Allocations: 2907)


Started GET "/" for ::1 at 2024-07-11 17:04:49 -0400
Processing by HomeController#index as HTML
  Rendering layout layouts/application.html.erb
  Rendering home/index.html.erb within layouts/application
  Rendered home/index.html.erb within layouts/application (Duration: 0.6ms | Allocations: 155)
  Rendered layout layouts/application.html.erb (Duration: 22.4ms | Allocations: 15747)
Completed 200 OK in 27ms (Views: 24.9ms | ActiveRecord: 0.0ms | Allocations: 16729)


Started GET "/" for ::1 at 2024-07-11 17:05:17 -0400
Processing by HomeController#index as HTML
  Rendering layout layouts/application.html.erb
  Rendering home/index.html.erb within layouts/application
  Rendered home/index.html.erb within layouts/application (Duration: 0.6ms | Allocations: 151)
  Rendered layout layouts/application.html.erb (Duration: 4.4ms | Allocations: 1942)
Completed 200 OK in 8ms (Views: 6.3ms | ActiveRecord: 0.0ms | Allocations: 2915)


Started GET "/roster" for ::1 at 2024-07-11 17:08:06 -0400
Processing by RosterController#index as HTML
  Rendering layout layouts/application.html.erb
  Rendering roster/index.html.erb within layouts/application
  Rendered roster/index.html.erb within layouts/application (Duration: 1.0ms | Allocations: 119)
  Rendered layout layouts/application.html.erb (Duration: 21.0ms | Allocations: 15710)
Completed 200 OK in 25ms (Views: 23.7ms | ActiveRecord: 0.0ms | Allocations: 16692)


Started GET "/roster" for ::1 at 2024-07-11 17:21:44 -0400
Processing by RosterController#index as HTML
  Rendering layout layouts/application.html.erb
  Rendering roster/index.html.erb within layouts/application
  Rendered roster/index.html.erb within layouts/application (Duration: 6.9ms | Allocations: 4024)
  Rendered layout layouts/application.html.erb (Duration: 7.2ms | Allocations: 4091)
Completed 500 Internal Server Error in 10ms (ActiveRecord: 0.0ms | Allocations: 5046)


  
ActionView::Template::Error (undefined method `title' for #<ActionView::Base:0x0000000001d150>):
    2: 
    3: This should display a list of rosters and you can click on each 
    4: 
    5: <%- title "Roster" %>
    6: 
    7: <%= render 'sidebar', current: "stats" %>
  
app/views/roster/index.html.erb:5
Started GET "/roster" for ::1 at 2024-07-11 17:21:56 -0400
Processing by RosterController#index as HTML
  Rendering layout layouts/application.html.erb
  Rendering roster/index.html.erb within layouts/application
  Rendered roster/index.html.erb within layouts/application (Duration: 5.1ms | Allocations: 2069)
  Rendered layout layouts/application.html.erb (Duration: 5.5ms | Allocations: 2136)
Completed 500 Internal Server Error in 9ms (ActiveRecord: 0.0ms | Allocations: 3087)


  
ActionView::Template::Error (Missing partial roster/_sidebar, application/_sidebar with {:locale=>[:en], :formats=>[:html], :variants=>[], :handlers=>[:raw, :erb, :html, :builder, :ruby, :jbuilder]}.

Searched in:
  * "/Users/aretter/repos/portfolio/app/views"
  * "/Users/aretter/.rbenv/versions/2.7.7/lib/ruby/gems/2.7.0/gems/turbo-rails-2.0.5/app/views"
  * "/Users/aretter/.rbenv/versions/2.7.7/lib/ruby/gems/2.7.0/gems/actiontext-7.0.8.4/app/views"
  * "/Users/aretter/.rbenv/versions/2.7.7/lib/ruby/gems/2.7.0/gems/actionmailbox-7.0.8.4/app/views"

Did you mean?  home/sidebar
               active_storage/blobs/blob
               action_text/contents/content
               layouts/action_text/contents/content
               action_text/attachables/remote_image
               action_text/attachables/missing_attachable):
    4: 
    5: 
    6: 
    7: <%= render 'sidebar', current: "stats" %>
  
app/views/roster/index.html.erb:7
Started GET "/roster" for ::1 at 2024-07-11 17:22:14 -0400
Processing by RosterController#index as HTML
  Rendering layout layouts/application.html.erb
  Rendering roster/index.html.erb within layouts/application
  Rendered roster/index.html.erb within layouts/application (Duration: 4.2ms | Allocations: 2062)
  Rendered layout layouts/application.html.erb (Duration: 4.6ms | Allocations: 2129)
Completed 500 Internal Server Error in 8ms (ActiveRecord: 0.0ms | Allocations: 3079)


  
ActionView::Template::Error (Missing partial roster/_sidebar, application/_sidebar with {:locale=>[:en], :formats=>[:html], :variants=>[], :handlers=>[:raw, :erb, :html, :builder, :ruby, :jbuilder]}.

Searched in:
  * "/Users/aretter/repos/portfolio/app/views"
  * "/Users/aretter/.rbenv/versions/2.7.7/lib/ruby/gems/2.7.0/gems/turbo-rails-2.0.5/app/views"
  * "/Users/aretter/.rbenv/versions/2.7.7/lib/ruby/gems/2.7.0/gems/actiontext-7.0.8.4/app/views"
  * "/Users/aretter/.rbenv/versions/2.7.7/lib/ruby/gems/2.7.0/gems/actionmailbox-7.0.8.4/app/views"

Did you mean?  home/sidebar
               active_storage/blobs/blob
               action_text/contents/content
               layouts/action_text/contents/content
               action_text/attachables/remote_image
               action_text/attachables/missing_attachable):
    4: 
    5: 
    6: 
    7: <%= render 'sidebar' %>
  
app/views/roster/index.html.erb:7
Started GET "/roster" for ::1 at 2024-07-11 17:23:13 -0400
Processing by RosterController#index as HTML
  Rendering layout layouts/application.html.erb
  Rendering roster/index.html.erb within layouts/application
  Rendered roster/index.html.erb within layouts/application (Duration: 5.9ms | Allocations: 2062)
  Rendered layout layouts/application.html.erb (Duration: 6.3ms | Allocations: 2129)
Completed 500 Internal Server Error in 9ms (ActiveRecord: 0.0ms | Allocations: 3079)


  
ActionView::Template::Error (Missing partial roster/_sidebar, application/_sidebar with {:locale=>[:en], :formats=>[:html], :variants=>[], :handlers=>[:raw, :erb, :html, :builder, :ruby, :jbuilder]}.

Searched in:
  * "/Users/aretter/repos/portfolio/app/views"
  * "/Users/aretter/.rbenv/versions/2.7.7/lib/ruby/gems/2.7.0/gems/turbo-rails-2.0.5/app/views"
  * "/Users/aretter/.rbenv/versions/2.7.7/lib/ruby/gems/2.7.0/gems/actiontext-7.0.8.4/app/views"
  * "/Users/aretter/.rbenv/versions/2.7.7/lib/ruby/gems/2.7.0/gems/actionmailbox-7.0.8.4/app/views"

Did you mean?  home/sidebar
               active_storage/blobs/blob
               action_text/contents/content
               layouts/action_text/contents/content
               action_text/attachables/remote_image
               action_text/attachables/missing_attachable):
    4: 
    5: 
    6: 
    7: <%= render 'sidebar' %>
  
app/views/roster/index.html.erb:7
Started GET "/" for ::1 at 2024-07-11 17:23:35 -0400
Processing by HomeController#index as HTML
  Rendering layout layouts/application.html.erb
  Rendering home/index.html.erb within layouts/application
  Rendered home/_sidebar.html.erb (Duration: 22.2ms | Allocations: 4170)
  Rendered home/index.html.erb within layouts/application (Duration: 23.5ms | Allocations: 4460)
  Rendered layout layouts/application.html.erb (Duration: 23.6ms | Allocations: 4527)
Completed 500 Internal Server Error in 26ms (ActiveRecord: 0.0ms | Allocations: 5236)


  
ActionView::Template::Error (undefined method `roster_organization_path' for #<ActionView::Base:0x0000000001de70>):
    2:    
    3: 
    4:         
    5: <div><%= link_to 'Roster', roster_organization_path(@organization) %></div>
    6: 
    7: <% end %>
  
app/views/home/_sidebar.html.erb:5
app/views/home/_sidebar.html.erb:1
app/views/home/index.html.erb:5
Started GET "/" for ::1 at 2024-07-11 17:23:35 -0400
Processing by HomeController#index as HTML
  Rendering layout layouts/application.html.erb
  Rendering home/index.html.erb within layouts/application
  Rendered home/_sidebar.html.erb (Duration: 21.9ms | Allocations: 4055)
  Rendered home/index.html.erb within layouts/application (Duration: 22.2ms | Allocations: 4111)
  Rendered layout layouts/application.html.erb (Duration: 22.3ms | Allocations: 4178)
Completed 500 Internal Server Error in 23ms (ActiveRecord: 0.0ms | Allocations: 4404)


  
ActionView::Template::Error (undefined method `roster_organization_path' for #<ActionView::Base:0x0000000001e190>):
    2:    
    3: 
    4:         
    5: <div><%= link_to 'Roster', roster_organization_path(@organization) %></div>
    6: 
    7: <% end %>
  
app/views/home/_sidebar.html.erb:5
app/views/home/_sidebar.html.erb:1
app/views/home/index.html.erb:5
Started GET "/" for ::1 at 2024-07-11 17:23:50 -0400
Processing by HomeController#index as HTML
  Rendering layout layouts/application.html.erb
  Rendering home/index.html.erb within layouts/application
  Rendered home/_sidebar.html.erb (Duration: 1.5ms | Allocations: 659)
  Rendered home/index.html.erb within layouts/application (Duration: 2.5ms | Allocations: 941)
  Rendered layout layouts/application.html.erb (Duration: 8.0ms | Allocations: 2731)
Completed 200 OK in 11ms (Views: 10.0ms | ActiveRecord: 0.0ms | Allocations: 3705)


Started GET "/" for ::1 at 2024-07-11 17:24:07 -0400
Processing by HomeController#index as HTML
  Rendering layout layouts/application.html.erb
  Rendering home/index.html.erb within layouts/application
  Rendered home/_sidebar.html.erb (Duration: 1.0ms | Allocations: 264)
  Rendered home/index.html.erb within layouts/application (Duration: 2.1ms | Allocations: 546)
  Rendered layout layouts/application.html.erb (Duration: 5.8ms | Allocations: 2332)
Completed 200 OK in 9ms (Views: 8.1ms | ActiveRecord: 0.0ms | Allocations: 3306)


Started GET "/" for ::1 at 2024-07-11 17:24:08 -0400
Processing by HomeController#index as HTML
  Rendering layout layouts/application.html.erb
  Rendering home/index.html.erb within layouts/application
  Rendered home/_sidebar.html.erb (Duration: 0.3ms | Allocations: 100)
  Rendered home/index.html.erb within layouts/application (Duration: 1.0ms | Allocations: 154)
  Rendered layout layouts/application.html.erb (Duration: 3.9ms | Allocations: 1686)
Completed 200 OK in 5ms (Views: 4.5ms | ActiveRecord: 0.0ms | Allocations: 1936)


Started GET "/" for ::1 at 2024-07-11 17:24:44 -0400
Processing by HomeController#index as HTML
  Rendering layout layouts/application.html.erb
  Rendering home/index.html.erb within layouts/application
  Rendered home/_sidebar.html.erb (Duration: 0.9ms | Allocations: 267)
  Rendered home/index.html.erb within layouts/application (Duration: 1.6ms | Allocations: 549)
  Rendered layout layouts/application.html.erb (Duration: 5.4ms | Allocations: 2335)
Completed 200 OK in 8ms (Views: 7.2ms | ActiveRecord: 0.0ms | Allocations: 3309)


Started GET "/" for ::1 at 2024-07-11 17:24:52 -0400
Processing by HomeController#index as HTML
  Rendering layout layouts/application.html.erb
  Rendering home/index.html.erb within layouts/application
  Rendered home/_sidebar.html.erb (Duration: 0.9ms | Allocations: 274)
  Rendered home/index.html.erb within layouts/application (Duration: 1.9ms | Allocations: 556)
  Rendered layout layouts/application.html.erb (Duration: 5.5ms | Allocations: 2334)
Completed 200 OK in 9ms (Views: 8.0ms | ActiveRecord: 0.0ms | Allocations: 3308)


Started GET "/" for ::1 at 2024-07-11 17:24:59 -0400
Processing by HomeController#index as HTML
  Rendering layout layouts/application.html.erb
  Rendering home/index.html.erb within layouts/application
  Rendered home/_sidebar.html.erb (Duration: 0.9ms | Allocations: 274)
  Rendered home/index.html.erb within layouts/application (Duration: 1.7ms | Allocations: 556)
  Rendered layout layouts/application.html.erb (Duration: 5.7ms | Allocations: 2348)
Completed 200 OK in 9ms (Views: 8.0ms | ActiveRecord: 0.0ms | Allocations: 3322)


Started GET "/" for ::1 at 2024-07-11 17:25:00 -0400
Processing by HomeController#index as HTML
  Rendering layout layouts/application.html.erb
  Rendering home/index.html.erb within layouts/application
  Rendered home/_sidebar.html.erb (Duration: 0.4ms | Allocations: 99)
  Rendered home/index.html.erb within layouts/application (Duration: 0.6ms | Allocations: 153)
  Rendered layout layouts/application.html.erb (Duration: 4.0ms | Allocations: 1691)
Completed 200 OK in 6ms (Views: 4.9ms | ActiveRecord: 0.0ms | Allocations: 1943)


Started GET "/" for ::1 at 2024-07-11 17:25:02 -0400
Processing by HomeController#index as HTML
  Rendering layout layouts/application.html.erb
  Rendering home/index.html.erb within layouts/application
  Rendered home/_sidebar.html.erb (Duration: 0.2ms | Allocations: 92)
  Rendered home/index.html.erb within layouts/application (Duration: 0.5ms | Allocations: 146)
  Rendered layout layouts/application.html.erb (Duration: 3.6ms | Allocations: 1680)
Completed 200 OK in 5ms (Views: 4.1ms | ActiveRecord: 0.0ms | Allocations: 1931)


Started GET "/" for ::1 at 2024-07-11 17:25:34 -0400
Processing by HomeController#index as HTML
  Rendering layout layouts/application.html.erb
  Rendering home/index.html.erb within layouts/application
  Rendered home/_sidebar.html.erb (Duration: 0.7ms | Allocations: 230)
  Rendered home/index.html.erb within layouts/application (Duration: 1.6ms | Allocations: 512)
  Rendered layout layouts/application.html.erb (Duration: 5.7ms | Allocations: 2294)
Completed 200 OK in 9ms (Views: 7.5ms | ActiveRecord: 0.0ms | Allocations: 3268)


Started GET "/roster" for ::1 at 2024-07-11 17:25:36 -0400
Processing by RosterController#index as HTML
  Rendering layout layouts/application.html.erb
  Rendering roster/index.html.erb within layouts/application
  Rendered roster/index.html.erb within layouts/application (Duration: 5.4ms | Allocations: 2062)
  Rendered layout layouts/application.html.erb (Duration: 5.6ms | Allocations: 2129)
Completed 500 Internal Server Error in 9ms (ActiveRecord: 0.0ms | Allocations: 2835)


  
ActionView::Template::Error (Missing partial roster/_sidebar, application/_sidebar with {:locale=>[:en], :formats=>[:html], :variants=>[], :handlers=>[:raw, :erb, :html, :builder, :ruby, :jbuilder]}.

Searched in:
  * "/Users/aretter/repos/portfolio/app/views"
  * "/Users/aretter/.rbenv/versions/2.7.7/lib/ruby/gems/2.7.0/gems/turbo-rails-2.0.5/app/views"
  * "/Users/aretter/.rbenv/versions/2.7.7/lib/ruby/gems/2.7.0/gems/actiontext-7.0.8.4/app/views"
  * "/Users/aretter/.rbenv/versions/2.7.7/lib/ruby/gems/2.7.0/gems/actionmailbox-7.0.8.4/app/views"

Did you mean?  home/sidebar
               active_storage/blobs/blob
               action_text/contents/content
               layouts/action_text/contents/content
               action_text/attachables/remote_image
               action_text/attachables/missing_attachable):
    4: 
    5: 
    6: 
    7: <%= render 'sidebar' %>
  
app/views/roster/index.html.erb:7
Started GET "/roster" for ::1 at 2024-07-11 17:25:57 -0400
Processing by RosterController#index as HTML
  Rendering layout layouts/application.html.erb
  Rendering roster/index.html.erb within layouts/application
  Rendered roster/index.html.erb within layouts/application (Duration: 0.7ms | Allocations: 126)
  Rendered layout layouts/application.html.erb (Duration: 4.6ms | Allocations: 1913)
Completed 200 OK in 8ms (Views: 7.0ms | ActiveRecord: 0.0ms | Allocations: 2887)


Started GET "/" for ::1 at 2024-07-11 17:26:06 -0400
Processing by HomeController#index as HTML
  Rendering layout layouts/application.html.erb
  Rendering home/index.html.erb within layouts/application
  Rendered home/_sidebar.html.erb (Duration: 0.8ms | Allocations: 229)
  Rendered home/index.html.erb within layouts/application (Duration: 2.3ms | Allocations: 509)
  Rendered layout layouts/application.html.erb (Duration: 6.1ms | Allocations: 2051)
Completed 200 OK in 9ms (Views: 8.1ms | ActiveRecord: 0.0ms | Allocations: 2783)


Started GET "/roster" for ::1 at 2024-07-11 17:26:06 -0400
Processing by RosterController#index as HTML
  Rendering layout layouts/application.html.erb
  Rendering roster/index.html.erb within layouts/application
  Rendered roster/index.html.erb within layouts/application (Duration: 0.0ms | Allocations: 7)
  Rendered layout layouts/application.html.erb (Duration: 3.7ms | Allocations: 1564)
Completed 200 OK in 5ms (Views: 4.4ms | ActiveRecord: 0.0ms | Allocations: 1816)


Started GET "/roster" for ::1 at 2024-07-11 17:27:49 -0400
Processing by RosterController#index as HTML
  Rendering layout layouts/application.html.erb
  Rendering roster/index.html.erb within layouts/application
  Rendered roster/index.html.erb within layouts/application (Duration: 0.6ms | Allocations: 113)
  Rendered layout layouts/application.html.erb (Duration: 3.8ms | Allocations: 1895)
Completed 200 OK in 8ms (Views: 6.0ms | ActiveRecord: 0.0ms | Allocations: 2869)


Started GET "/" for ::1 at 2024-07-11 17:27:54 -0400
Processing by HomeController#index as HTML
  Rendering layout layouts/application.html.erb
  Rendering home/index.html.erb within layouts/application
  Rendered home/_sidebar.html.erb (Duration: 0.9ms | Allocations: 229)
  Rendered home/index.html.erb within layouts/application (Duration: 2.0ms | Allocations: 508)
  Rendered layout layouts/application.html.erb (Duration: 5.3ms | Allocations: 2064)
Completed 200 OK in 9ms (Views: 8.1ms | ActiveRecord: 0.0ms | Allocations: 2794)


Started GET "/roster" for ::1 at 2024-07-11 17:27:55 -0400
Processing by RosterController#index as HTML
  Rendering layout layouts/application.html.erb
  Rendering roster/index.html.erb within layouts/application
  Rendered roster/index.html.erb within layouts/application (Duration: 0.0ms | Allocations: 7)
  Rendered layout layouts/application.html.erb (Duration: 2.6ms | Allocations: 1563)
Completed 200 OK in 4ms (Views: 3.1ms | ActiveRecord: 0.0ms | Allocations: 1815)


Started GET "/roster" for ::1 at 2024-07-11 17:29:10 -0400
Processing by RosterController#index as HTML
  Rendering layout layouts/application.html.erb
  Rendering roster/index.html.erb within layouts/application
  Rendered roster/index.html.erb within layouts/application (Duration: 0.0ms | Allocations: 7)
  Rendered layout layouts/application.html.erb (Duration: 3.5ms | Allocations: 1553)
Completed 200 OK in 5ms (Views: 4.2ms | ActiveRecord: 0.0ms | Allocations: 1804)


